<?xml version="1.0" encoding="UTF-8"?>
<testsuite name="services.CandidatoServiceTeste" tests="9" skipped="0" failures="0" errors="0" timestamp="2025-04-14T01:54:00" hostname="pcosta-idea330" time="0.176">
  <properties/>
  <testcase name="listarCandidatos deve exibir mensagem quando não houver candidatos" classname="services.CandidatoServiceTeste" time="0.016"/>
  <testcase name="listarCandidatos deve exibir informações dos candidatos corretamente" classname="services.CandidatoServiceTeste" time="0.039"/>
  <testcase name="salvarDataNascimento deve retornar data válida quando formato correto" classname="services.CandidatoServiceTeste" time="0.01"/>
  <testcase name="salvarDataNascimento deve retornar null quando formato inválido" classname="services.CandidatoServiceTeste" time="0.007"/>
  <testcase name="salvarCandidato deve salvar candidato quando dados são válidos" classname="services.CandidatoServiceTeste" time="0.016"/>
  <testcase name="salvarCandidato não deve salvar quando email já existe" classname="services.CandidatoServiceTeste" time="0.013"/>
  <testcase name="editarCandidato deve atualizar dados quando ID existe" classname="services.CandidatoServiceTeste" time="0.041"/>
  <testcase name="excluirCandidato deve deletar quando ID existe" classname="services.CandidatoServiceTeste" time="0.017"/>
  <testcase name="excluirCandidato não deve fazer nada quando ID não existe" classname="services.CandidatoServiceTeste" time="0.01"/>
  <system-out><![CDATA[Nenhum candidato cadastrado. (•◡•) /
✦•····· Lista de Candidatos ·····•✦
ID: 1, 
Email: joao@example.com, 
CEP: 12345678, 
País: Brasil, 
CPF: 12345678901, 
Data de Nascimento: Mon Jan 01 00:00:00 BRST 1990, 
Competências: [], 
Descrição: Descrição teste 
✦•·····•✦•·····•✦
Data de Nascimento (dd/MM/yyyy): Data de Nascimento (dd/MM/yyyy): Formato de data inválido! A data deve estar no formato dd/MM/yyyy e ser uma data válida. (•◡•) /
Informe os dados do Candidato:
Nome: Sobrenome: Email: Senha: CEP: País: CPF: Data de Nascimento (dd/MM/yyyy): Descrição: Candidato cadastrado com sucesso! （っ＾▿＾）
Informe os dados do Candidato:
Nome: Sobrenome: Email: Email já cadastrado. Tente outro email. (•◡•) /
✦•····· Lista de Candidatos ·····•✦
ID: 1, 
Email: joao@example.com, 
CEP: old, 
País: old, 
CPF: 12345678901, 
Data de Nascimento: Sun Apr 13 22:54:01 BRT 2025, 
Competências: [], 
Descrição: old 
✦•·····•✦•·····•✦
Informe o ID do candidato que deseja atualizar: 
O que você deseja atualizar?
1. Nome
2. Sobrenome
3. Email
4. Senha
5. CEP
6. País
7. CPF
8. Data de Nascimento
9. Competências
10. Descrição
(Digite os números separados por vírgula): Digite o novo nome: Digite o novo email: Erro ao atualizar candidato. (╥﹏╥)
✦•····· Lista de Candidatos ·····•✦
ID: 1, 
Email: teste@teste.com, 
CEP: 12345678, 
País: null, 
CPF: null, 
Data de Nascimento: null, 
Competências: [], 
Descrição: null 
✦•·····•✦•·····•✦
Informe o ID do candidato que deseja deletar: Erro ao deletar candidato. (╥﹏╥)
Nenhum candidato cadastrado. (•◡•) /
Informe o ID do candidato que deseja deletar: Candidato não encontrado. (╥﹏╥)
]]></system-out>
  <system-err><![CDATA[]]></system-err>
</testsuite>
