<?xml version="1.0" encoding="UTF-8"?>
<testsuite name="services.EmpresaServiceTeste" tests="8" skipped="0" failures="0" errors="0" timestamp="2025-04-14T01:54:01" hostname="pcosta-idea330" time="0.181">
  <properties/>
  <testcase name="deve listar empresas quando existirem empresas cadastradas" classname="services.EmpresaServiceTeste" time="0.088"/>
  <testcase name="deve informar quando não existem empresas cadastradas" classname="services.EmpresaServiceTeste" time="0.004"/>
  <testcase name="deve salvar empresa com sucesso" classname="services.EmpresaServiceTeste" time="0.016"/>
  <testcase name="não deve salvar empresa quando email já existe" classname="services.EmpresaServiceTeste" time="0.014"/>
  <testcase name="deve editar empresa com sucesso" classname="services.EmpresaServiceTeste" time="0.024"/>
  <testcase name="deve informar quando empresa a editar não foi encontrada" classname="services.EmpresaServiceTeste" time="0.014"/>
  <testcase name="deve excluir empresa com sucesso" classname="services.EmpresaServiceTeste" time="0.009"/>
  <testcase name="deve informar quando houver erro ao excluir empresa" classname="services.EmpresaServiceTeste" time="0.008"/>
  <system-out><![CDATA[]]></system-out>
  <system-err><![CDATA[]]></system-err>
</testsuite>
