<?xml version="1.0" encoding="UTF-8"?>
<testsuite name="groovy.infra.LocalizacaoRepositoryTeste" tests="8" skipped="0" failures="0" errors="0" timestamp="2025-04-14T01:53:59" hostname="pcosta-idea330" time="0.189">
  <properties/>
  <testcase name="deve salvar uma localizacao com sucesso" classname="groovy.infra.LocalizacaoRepositoryTeste" time="0.046"/>
  <testcase name="deve lançar exceção e fazer rollback ao falhar ao salvar localizacao" classname="groovy.infra.LocalizacaoRepositoryTeste" time="0.029"/>
  <testcase name="deve listar todas as localizacoes com sucesso" classname="groovy.infra.LocalizacaoRepositoryTeste" time="0.021"/>
  <testcase name="deve retornar localizacao ao buscar por ID existente" classname="groovy.infra.LocalizacaoRepositoryTeste" time="0.016"/>
  <testcase name="deve retornar null ao buscar por ID inexistente" classname="groovy.infra.LocalizacaoRepositoryTeste" time="0.009"/>
  <testcase name="deve editar localizacao com sucesso" classname="groovy.infra.LocalizacaoRepositoryTeste" time="0.024"/>
  <testcase name="deve retornar false ao tentar editar localizacao inexistente" classname="groovy.infra.LocalizacaoRepositoryTeste" time="0.023"/>
  <testcase name="deve lançar exceção e fazer rollback ao falhar ao editar localizacao" classname="groovy.infra.LocalizacaoRepositoryTeste" time="0.012"/>
  <system-out><![CDATA[]]></system-out>
  <system-err><![CDATA[]]></system-err>
</testsuite>
